arc-gtk-theme
bspwm
cmake
compton
dex
dunst
feh
figlet
firefox
hexchat
imagemagick
intel-ucode
ipython
jq
julia
lxsession
mesa
neofetch
neovim
nodejs
npm
otf-hermit
otf-overpass
paper-icon-theme
pcmanfm
polybar
python2-neovim
python-click
python-gobject
python-neovim
python-pylint
python-virtualenv
python-virtualenvwrapper
python-xdg
qbittorrent
qt5ct
refind-efi
reflector
rofi
spotify
stow
sxhkd
termite
texlive-most
texstudio
tmux
tree
ttf-roboto
ttf-roboto-mono
vim
visual-studio-code
vtop
wmctrl
xclip
xdg-utils
xorg-server
xorg-xinit
xorg-xprop
xorg-xrandr
xorg-xsetroot
xwinmosaic-git
zplug
zsh
