alsa-utils
arc-gtk-theme
bspwm
btops-git
cmake
compton
dex
dunst
figlet
firefox
glances
go
hexchat
intel-ucode
ipython
jq
julia
libcloudproviders
lxsession
neofetch
otf-fira-mono
otf-font-awesome
otf-hermit
otf-overpass
pacaur
paper-icon-theme
polybar
python-click
python-pylint
python-virtualenvwrapper
python-xdg
qbittorrent
qt5ct
refind-efi
reflector
rofi
spotify
stow
termite
texlive-bibtexextra
texlive-fontsextra
texlive-formatsextra
texlive-games
texlive-humanities
texlive-music
texlive-pstricks
texlive-publishers
texlive-science
texstudio
tmux
tree
ttf-roboto
ttf-roboto-mono
vim
visual-studio-code
vtop
wmctrl
xdg-utils
xorg-server
xorg-xinit
xorg-xsetroot
xwinmosaic-git
zplug
